<?xml version="1.0" encoding="UTF-8"?>
<!-- Generated by org.testng.reporters.JUnitReportReporter -->
<testsuite hostname="LAPTOP-5KMFOFH9" failures="0" tests="1" name="elementsActions.LocatorsDemo" time="20.310" errors="0" timestamp="2024-01-15T21:13:21 IST" skipped="0">
  <testcase classname="elementsActions.LocatorsDemo" name="androidLocators" time="20.310"/>
  <system-out/>
</testsuite> <!-- elementsActions.LocatorsDemo -->
