<?xml version="1.0" encoding="UTF-8"?>
<!-- Generated by org.testng.reporters.JUnitReportReporter -->
<testsuite hostname="LAPTOP-5KMFOFH9" failures="0" tests="1" name="newScenarios.KeyboardKeyPress" time="16.968" errors="0" timestamp="2024-01-16T21:25:31 IST" skipped="0">
  <testcase classname="newScenarios.KeyboardKeyPress" name="textTypeTest" time="16.968"/>
  <system-out/>
</testsuite> <!-- newScenarios.KeyboardKeyPress -->
