<?xml version="1.0" encoding="UTF-8"?>
<!-- Generated by org.testng.reporters.JUnitReportReporter -->
<testsuite hostname="LAPTOP-5KMFOFH9" failures="0" tests="1" name="newScenarios.WorkingWithApp" time="16.865" errors="0" timestamp="2024-01-16T21:05:31 IST" skipped="0">
  <testcase classname="newScenarios.WorkingWithApp" name="appTest" time="16.865"/>
  <system-out/>
</testsuite> <!-- newScenarios.WorkingWithApp -->
