<?xml version="1.0" encoding="UTF-8"?>
<!-- Generated by org.testng.reporters.JUnitReportReporter -->
<testsuite hostname="LAPTOP-5KMFOFH9" failures="0" tests="1" name="htmlMethods.QueryandPathParameter" time="2.337" errors="0" timestamp="2024-01-11T21:59:41 IST" skipped="0">
  <testcase classname="htmlMethods.QueryandPathParameter" name="testParam" time="2.337"/>
  <system-out/>
</testsuite> <!-- htmlMethods.QueryandPathParameter -->
