<?xml version="1.0" encoding="UTF-8"?>
<!-- Generated by org.testng.reporters.JUnitReportReporter -->
<testsuite hostname="LAPTOP-5KMFOFH9" failures="0" tests="1" name="newScenarios.NotificationTest" time="9.919" errors="0" timestamp="2024-01-16T21:39:44 IST" skipped="0">
  <testcase classname="newScenarios.NotificationTest" name="notificationTest" time="9.919"/>
  <system-out/>
</testsuite> <!-- newScenarios.NotificationTest -->
