<?xml version="1.0" encoding="UTF-8"?>
<!-- Generated by org.testng.reporters.JUnitReportReporter -->
<testsuite hostname="LAPTOP-5KMFOFH9" failures="0" tests="1" name="newScenarios.Lock_Unlock_Rotate" time="14.219" errors="0" timestamp="2024-01-16T22:02:43 IST" skipped="0">
  <testcase classname="newScenarios.Lock_Unlock_Rotate" name="testDevice_lock_unclock_rotate" time="14.219"/>
  <system-out/>
</testsuite> <!-- newScenarios.Lock_Unlock_Rotate -->
