<?xml version="1.0" encoding="UTF-8"?>
<!-- Generated by org.testng.reporters.JUnitReportReporter -->
<testsuite hostname="LAPTOP-5KMFOFH9" failures="0" tests="1" name="newScenarios.PerformanceData" time="9.257" errors="0" timestamp="2024-01-16T22:15:03 IST" skipped="0">
  <testcase classname="newScenarios.PerformanceData" name="getPerformanceData" time="9.257"/>
  <system-out/>
</testsuite> <!-- newScenarios.PerformanceData -->
