<?xml version="1.0" encoding="UTF-8"?>
<!-- Generated by org.testng.reporters.JUnitReportReporter -->
<testsuite hostname="LAPTOP-5KMFOFH9" failures="0" tests="2" name="htmlMethods.Serialization_Deserialization" time="0.417" errors="0" timestamp="2024-01-11T22:24:37 IST" skipped="0">
  <testcase classname="htmlMethods.Serialization_Deserialization" name="testSerialization" time="0.374"/>
  <system-out/>
  <testcase classname="htmlMethods.Serialization_Deserialization" name="testdeserialization" time="0.043"/>
  <system-out/>
</testsuite> <!-- htmlMethods.Serialization_Deserialization -->
