<?xml version="1.0" encoding="UTF-8"?>
<!-- Generated by org.testng.reporters.JUnitReportReporter -->
<testsuite hostname="LAPTOP-5KMFOFH9" failures="0" tests="3" name="htmlMethods.RequestLatestWay_GET" time="3.264" errors="0" timestamp="2024-01-11T21:16:14 IST" skipped="2">
  <testcase classname="htmlMethods.RequestLatestWay_GET" name="getTestMethiods" time="3.264"/>
  <system-out/>
  <testcase classname="htmlMethods.RequestLatestWay_GET" name="getRequest01">
    <skipped/>
  </testcase> <!-- getRequest01 -->
  <system-out/>
  <testcase classname="htmlMethods.RequestLatestWay_GET" name="getListOfUsers">
    <skipped/>
  </testcase> <!-- getListOfUsers -->
  <system-out/>
</testsuite> <!-- htmlMethods.RequestLatestWay_GET -->
