<?xml version="1.0" encoding="UTF-8"?>
<!-- Generated by org.testng.reporters.JUnitReportReporter -->
<testsuite hostname="LAPTOP-5KMFOFH9" failures="0" tests="4" name="htmlMethods.SameUserGETPOSTPUTDELETE" time="6.366" errors="0" timestamp="2024-01-11T21:52:35 IST" skipped="0">
  <testcase classname="htmlMethods.SameUserGETPOSTPUTDELETE" name="createUser" time="4.100"/>
  <system-out/>
  <testcase classname="htmlMethods.SameUserGETPOSTPUTDELETE" name="getUser" time="0.844"/>
  <system-out/>
  <testcase classname="htmlMethods.SameUserGETPOSTPUTDELETE" name="updateUser" time="0.780"/>
  <system-out/>
  <testcase classname="htmlMethods.SameUserGETPOSTPUTDELETE" name="deleteUser" time="0.642"/>
  <system-out/>
</testsuite> <!-- htmlMethods.SameUserGETPOSTPUTDELETE -->
