<?xml version="1.0" encoding="UTF-8"?>
<!-- Generated by org.testng.reporters.JUnitReportReporter -->
<testsuite hostname="LAPTOP-5KMFOFH9" failures="0" tests="1" name="htmlMethods.Reuqest_01_GET" time="2.158" errors="0" timestamp="2024-01-11T20:37:07 IST" skipped="0">
  <testcase classname="htmlMethods.Reuqest_01_GET" name="getRequest_SingleUser" time="2.158"/>
  <system-out/>
</testsuite> <!-- htmlMethods.Reuqest_01_GET -->
