<?xml version="1.0" encoding="UTF-8"?>
<!-- Generated by org.testng.reporters.JUnitReportReporter -->
<testsuite hostname="LAPTOP-5KMFOFH9" failures="0" tests="1" name="newScenarios.AlertHandling" time="16.362" errors="0" timestamp="2024-01-16T22:23:54 IST" skipped="0">
  <testcase classname="newScenarios.AlertHandling" name="alertTest" time="16.362"/>
  <system-out/>
</testsuite> <!-- newScenarios.AlertHandling -->
