<?xml version="1.0" encoding="UTF-8"?>
<!-- Generated by org.testng.reporters.JUnitReportReporter -->
<testsuite hostname="LAPTOP-5KMFOFH9" failures="0" tests="1" name="session.NewUpdatedSession" time="11.597" errors="0" timestamp="2024-01-16T20:21:18 IST" skipped="0">
  <testcase classname="session.NewUpdatedSession" name="newSession" time="11.597"/>
  <system-out/>
</testsuite> <!-- session.NewUpdatedSession -->
