<?xml version="1.0" encoding="UTF-8"?>
<!-- Generated by org.testng.reporters.JUnitReportReporter -->
<testsuite hostname="LAPTOP-5KMFOFH9" failures="0" tests="1" name="newScenarios.LogGenerateUSingFile" time="0.018" errors="0" timestamp="2024-02-14T06:03:26 IST" skipped="0">
  <testcase classname="newScenarios.LogGenerateUSingFile" name="testcase1" time="0.018"/>
  <system-out/>
</testsuite> <!-- newScenarios.LogGenerateUSingFile -->
