<?xml version="1.0" encoding="UTF-8"?>
<!-- Generated by org.testng.reporters.JUnitReportReporter -->
<testsuite hostname="LAPTOP-5KMFOFH9" failures="0" tests="2" name="htmlMethods.PostRequest" time="4.233" errors="0" timestamp="2024-01-11T21:43:01 IST" skipped="0">
  <testcase classname="htmlMethods.PostRequest" name="post_HashMap" time="3.385"/>
  <system-out/>
  <testcase classname="htmlMethods.PostRequest" name="post_POJO" time="0.848"/>
  <system-out/>
</testsuite> <!-- htmlMethods.PostRequest -->
