<?xml version="1.0" encoding="UTF-8"?>
<!-- Generated by org.testng.reporters.JUnitReportReporter -->
<testsuite hostname="LAPTOP-5KMFOFH9" failures="0" tests="1" name="elementsActions.ScrollAction" time="15.995" errors="0" timestamp="2024-01-15T22:05:17 IST" skipped="0">
  <testcase classname="elementsActions.ScrollAction" name="scrollTest" time="15.995"/>
  <system-out/>
</testsuite> <!-- elementsActions.ScrollAction -->
