<?xml version="1.0" encoding="UTF-8"?>
<!-- Generated by org.testng.reporters.JUnitReportReporter -->
<testsuite hostname="LAPTOP-5KMFOFH9" failures="0" tests="3" name="htmlMethods.PUT_DELETE_Request" time="4.830" errors="0" timestamp="2024-01-11T21:40:24 IST" skipped="0">
  <testcase classname="htmlMethods.PUT_DELETE_Request" name="putRequest_Update" time="3.388"/>
  <system-out/>
  <testcase classname="htmlMethods.PUT_DELETE_Request" name="patchRequest_Update" time="0.649"/>
  <system-out/>
  <testcase classname="htmlMethods.PUT_DELETE_Request" name="deleteRequest" time="0.793"/>
  <system-out/>
</testsuite> <!-- htmlMethods.PUT_DELETE_Request -->
