<?xml version="1.0" encoding="UTF-8"?>
<!-- Generated by org.testng.reporters.JUnitReportReporter -->
<testsuite hostname="LAPTOP-5KMFOFH9" failures="0" tests="1" name="elementsActions.LongClickAction" time="13.084" errors="0" timestamp="2024-01-15T21:41:24 IST" skipped="0">
  <testcase classname="elementsActions.LongClickAction" name="longClickTest" time="13.084"/>
  <system-out/>
</testsuite> <!-- elementsActions.LongClickAction -->
