<?xml version="1.0" encoding="UTF-8"?>
<!-- Generated by org.testng.reporters.JUnitReportReporter -->
<testsuite hostname="LAPTOP-5KMFOFH9" failures="0" tests="2" name="elementsActions.SwipeAction" time="30.749" errors="0" timestamp="2024-01-15T22:18:48 IST" skipped="0">
  <testcase classname="elementsActions.SwipeAction" name="swipeTest1" time="15.331"/>
  <system-out/>
  <testcase classname="elementsActions.SwipeAction" name="swipeTest2" time="15.418"/>
  <system-out/>
</testsuite> <!-- elementsActions.SwipeAction -->
