<?xml version="1.0" encoding="UTF-8"?>
<!-- Generated by org.testng.reporters.JUnitReportReporter -->
<testsuite hostname="LAPTOP-5KMFOFH9" failures="0" tests="1" name="elementsActions.DragNDropAction" time="14.691" errors="0" timestamp="2024-01-15T21:53:08 IST" skipped="0">
  <testcase classname="elementsActions.DragNDropAction" name="dragndropTest" time="14.691"/>
  <system-out/>
</testsuite> <!-- elementsActions.DragNDropAction -->
