<?xml version="1.0" encoding="UTF-8"?>
<!-- Generated by org.testng.reporters.JUnitReportReporter -->
<testsuite hostname="LAPTOP-5KMFOFH9" failures="0" tests="1" name="newScenarios.ToggleNetworkSettings" time="12.103" errors="0" timestamp="2024-01-16T21:52:20 IST" skipped="0">
  <testcase classname="newScenarios.ToggleNetworkSettings" name="toggleTest" time="12.103"/>
  <system-out/>
</testsuite> <!-- newScenarios.ToggleNetworkSettings -->
