<?xml version="1.0" encoding="UTF-8"?>
<!-- Generated by org.testng.reporters.JUnitReportReporter -->
<testsuite hostname="LAPTOP-5KMFOFH9" failures="0" tests="1" name="session.LaunchAVDAutomatically" time="82.981" errors="0" timestamp="2024-02-14T05:47:22 IST" skipped="0">
  <testcase classname="session.LaunchAVDAutomatically" name="f" time="82.981"/>
  <system-out/>
</testsuite> <!-- session.LaunchAVDAutomatically -->
