<?xml version="1.0" encoding="UTF-8"?>
<!-- Generated by org.testng.reporters.JUnitReportReporter -->
<testsuite hostname="LAPTOP-5KMFOFH9" failures="0" tests="3" name="htmlMethods.Header_CookiesTest" time="2.965" errors="0" timestamp="2024-01-11T22:13:11 IST" skipped="0">
  <testcase classname="htmlMethods.Header_CookiesTest" name="testAllHeaders" time="2.379"/>
  <system-out/>
  <testcase classname="htmlMethods.Header_CookiesTest" name="testHeaders" time="0.303"/>
  <system-out/>
  <testcase classname="htmlMethods.Header_CookiesTest" name="cookiesTest" time="0.283"/>
  <system-out/>
</testsuite> <!-- htmlMethods.Header_CookiesTest -->
